#
# There is insufficient memory for the Java Runtime Environment to continue.
# Native memory allocation (mmap) failed to map 266338304 bytes for G1 virtual space
# Possible reasons:
#   The system is out of physical RAM or swap space
#   The process is running with CompressedOops enabled, and the Java Heap may be blocking the growth of the native heap
# Possible solutions:
#   Reduce memory load on the system
#   Increase physical memory or swap space
#   Check if swap backing store is full
#   Decrease Java heap size (-Xmx/-Xms)
#   Decrease number of Java threads
#   Decrease Java thread stack sizes (-Xss)
#   Set larger code cache with -XX:ReservedCodeCacheSize=
#   JVM is running with Zero Based Compressed Oops mode in which the Java heap is
#     placed in the first 32GB address space. The Java Heap base address is the
#     maximum limit for the native heap growth. Please use -XX:HeapBaseMinAddress
#     to set the Java Heap base and to place the Java Heap above 32GB virtual address.
# This output file may be truncated or incomplete.
#
#  Out of Memory Error (os_windows.cpp:3469), pid=22756, tid=15104
#
# JRE version:  (17.0+35) (build )
# Java VM: Java HotSpot(TM) 64-Bit Server VM (17+35-LTS-2724, mixed mode, emulated-client, sharing, tiered, compressed oops, compressed class ptrs, g1 gc, windows-amd64)
# No core dump will be written. Minidumps are not enabled by default on client versions of Windows
#

---------------  S U M M A R Y ------------

Command Line: -XX:TieredStopAtLevel=1 -Xverify:none -Dspring.output.ansi.enabled=always -Dcom.sun.management.jmxremote -Dspring.jmx.enabled=true -Dspring.liveBeansView.mbeanDomain -Dspring.application.admin.enabled=true -javaagent:D:\IntelliJ IDEA 2021.3.3\lib\idea_rt.jar=53288:D:\IntelliJ IDEA 2021.3.3\bin -Dfile.encoding=UTF-8 com.example.blogsystem.BlogsystemApplication

Host: Intel(R) Core(TM) i5-10210U CPU @ 1.60GHz, 8 cores, 15G,  Windows 10 , 64 bit Build 19041 (10.0.19041.3031)
Time: Tue Jul  4 09:08:06 2023  Windows 10 , 64 bit Build 19041 (10.0.19041.3031) elapsed time: 0.038483 seconds (0d 0h 0m 0s)

---------------  T H R E A D  ---------------

Current thread (0x0000025a60cb5850):  JavaThread "Unknown thread" [_thread_in_vm, id=15104, stack(0x000000f87b500000,0x000000f87b600000)]

Stack: [0x000000f87b500000,0x000000f87b600000]
Native frames: (J=compiled Java code, j=interpreted, Vv=VM code, C=native code)
V  [jvm.dll+0x66f8ea]
V  [jvm.dll+0x7ce224]
V  [jvm.dll+0x7cf9ce]
V  [jvm.dll+0x7d0033]
V  [jvm.dll+0x242bb5]
V  [jvm.dll+0x66c909]
V  [jvm.dll+0x6613d2]
V  [jvm.dll+0x30082b]
V  [jvm.dll+0x307db6]
V  [jvm.dll+0x357a0e]
V  [jvm.dll+0x357c3f]
V  [jvm.dll+0x2d7ae8]
V  [jvm.dll+0x2d8a54]
V  [jvm.dll+0x7a00a1]
V  [jvm.dll+0x365781]
V  [jvm.dll+0x77f59c]
V  [jvm.dll+0x3e805f]
V  [jvm.dll+0x3e9b01]
C  [jli.dll+0x527b]
C  [ucrtbase.dll+0x21bb2]
C  [KERNEL32.DLL+0x17614]
C  [ntdll.dll+0x526f1]


---------------  P R O C E S S  ---------------

Threads class SMR info:
_java_thread_list=0x00007ffde1167818, length=0, elements={
}

Java Threads: ( => current thread )

Other Threads:
  0x0000025a60d04a60 GCTaskThread "GC Thread#0" [stack: 0x000000f87b600000,0x000000f87b700000] [id=23312]
  0x0000025a60d15720 ConcurrentGCThread "G1 Main Marker" [stack: 0x000000f87b700000,0x000000f87b800000] [id=26704]
  0x0000025a60d16130 ConcurrentGCThread "G1 Conc#0" [stack: 0x000000f87b800000,0x000000f87b900000] [id=27608]

[error occurred during error reporting (printing all threads), id 0xc0000005, EXCEPTION_ACCESS_VIOLATION (0xc0000005) at pc=0x00007ffde09b84c7]

VM state: not at safepoint (not fully initialized)

VM Mutex/Monitor currently owned by a thread:  ([mutex/lock_event])
[0x0000025a60cb29f0] Heap_lock - owner thread: 0x0000025a60cb5850

Heap address: 0x0000000702800000, size: 4056 MB, Compressed Oops mode: Zero based, Oop shift amount: 3

CDS archive(s) mapped at: [0x0000000000000000-0x0000000000000000-0x0000000000000000), size 0, SharedBaseAddress: 0x0000000800000000, ArchiveRelocationMode: 0.
Narrow klass base: 0x0000000000000000, Narrow klass shift: 0, Narrow klass range: 0x0

GC Precious Log:
<Empty>

Heap:
 garbage-first heap   total 0K, used 0K [0x0000000702800000, 0x0000000800000000)
  region size 2048K, 0 young (0K), 0 survivors (0K)

[error occurred during error reporting (printing heap information), id 0xc0000005, EXCEPTION_ACCESS_VIOLATION (0xc0000005) at pc=0x00007ffde0d98c59]

GC Heap History (0 events):
No events

Deoptimization events (0 events):
No events

Classes unloaded (0 events):
No events

Classes redefined (0 events):
No events

Internal exceptions (0 events):
No events

VM Operations (0 events):
No events

Events (1 events):
Event: 0.029 Loaded shared library C:\Program Files\Java\jdk-17\bin\java.dll


Dynamic libraries:
0x00007ff6b7260000 - 0x00007ff6b7270000 	C:\Program Files\Java\jdk-17\bin\java.exe
0x00007ffe5d770000 - 0x00007ffe5d968000 	C:\WINDOWS\SYSTEM32\ntdll.dll
0x00007ffe5c8c0000 - 0x00007ffe5c97f000 	C:\WINDOWS\System32\KERNEL32.DLL
0x00007ffe5b130000 - 0x00007ffe5b426000 	C:\WINDOWS\System32\KERNELBASE.dll
0x00007ffe5afc0000 - 0x00007ffe5b0c0000 	C:\WINDOWS\System32\ucrtbase.dll
0x00007ffe56aa0000 - 0x00007ffe56aba000 	C:\Program Files\Java\jdk-17\bin\VCRUNTIME140.dll
0x00007ffe56a50000 - 0x00007ffe56a68000 	C:\Program Files\Java\jdk-17\bin\jli.dll
0x00007ffe5ce90000 - 0x00007ffe5cf3f000 	C:\WINDOWS\System32\ADVAPI32.dll
0x00007ffe5b870000 - 0x00007ffe5b90e000 	C:\WINDOWS\System32\msvcrt.dll
0x00007ffe5b7d0000 - 0x00007ffe5b86c000 	C:\WINDOWS\System32\sechost.dll
0x00007ffe5cf40000 - 0x00007ffe5d066000 	C:\WINDOWS\System32\RPCRT4.dll
0x00007ffe5b910000 - 0x00007ffe5baad000 	C:\WINDOWS\System32\USER32.dll
0x00007ffe5b7a0000 - 0x00007ffe5b7c2000 	C:\WINDOWS\System32\win32u.dll
0x00007ffe5c890000 - 0x00007ffe5c8bc000 	C:\WINDOWS\System32\GDI32.dll
0x00007ffe5ae50000 - 0x00007ffe5af65000 	C:\WINDOWS\System32\gdi32full.dll
0x00007ffe443f0000 - 0x00007ffe4468a000 	C:\WINDOWS\WinSxS\amd64_microsoft.windows.common-controls_6595b64144ccf1df_6.0.19041.1110_none_60b5254171f9507e\COMCTL32.dll
0x00007ffe5b5c0000 - 0x00007ffe5b65d000 	C:\WINDOWS\System32\msvcp_win.dll
0x00007ffe538d0000 - 0x00007ffe538da000 	C:\WINDOWS\SYSTEM32\VERSION.dll
0x00007ffe5d650000 - 0x00007ffe5d680000 	C:\WINDOWS\System32\IMM32.DLL
0x00007ffe56d40000 - 0x00007ffe56d4c000 	C:\Program Files\Java\jdk-17\bin\vcruntime140_1.dll
0x00007ffe15710000 - 0x00007ffe1579d000 	C:\Program Files\Java\jdk-17\bin\msvcp140.dll
0x00007ffde06d0000 - 0x00007ffde128e000 	C:\Program Files\Java\jdk-17\bin\server\jvm.dll
0x00007ffe5ca10000 - 0x00007ffe5ca18000 	C:\WINDOWS\System32\PSAPI.DLL
0x00007ffe289c0000 - 0x00007ffe289c9000 	C:\WINDOWS\SYSTEM32\WSOCK32.dll
0x00007ffe48a10000 - 0x00007ffe48a37000 	C:\WINDOWS\SYSTEM32\WINMM.dll
0x00007ffe5d5e0000 - 0x00007ffe5d64b000 	C:\WINDOWS\System32\WS2_32.dll
0x00007ffe58d00000 - 0x00007ffe58d12000 	C:\WINDOWS\SYSTEM32\kernel.appcore.dll
0x00007ffe56d10000 - 0x00007ffe56d1a000 	C:\Program Files\Java\jdk-17\bin\jimage.dll
0x00007ffe4b7c0000 - 0x00007ffe4b9a4000 	C:\WINDOWS\SYSTEM32\DBGHELP.DLL
0x00007ffe42020000 - 0x00007ffe42054000 	C:\WINDOWS\SYSTEM32\dbgcore.DLL
0x00007ffe5b710000 - 0x00007ffe5b792000 	C:\WINDOWS\System32\bcryptPrimitives.dll
0x00007ffe46950000 - 0x00007ffe4695e000 	C:\Program Files\Java\jdk-17\bin\instrument.dll
0x00007ffe52920000 - 0x00007ffe52945000 	C:\Program Files\Java\jdk-17\bin\java.dll

dbghelp: loaded successfully - version: 4.0.5 - missing functions: none
symbol engine: initialized successfully - sym options: 0x614 - pdb path: .;C:\Program Files\Java\jdk-17\bin;C:\WINDOWS\SYSTEM32;C:\WINDOWS\WinSxS\amd64_microsoft.windows.common-controls_6595b64144ccf1df_6.0.19041.1110_none_60b5254171f9507e;C:\Program Files\Java\jdk-17\bin\server

VM Arguments:
jvm_args: -XX:TieredStopAtLevel=1 -Xverify:none -Dspring.output.ansi.enabled=always -Dcom.sun.management.jmxremote -Dspring.jmx.enabled=true -Dspring.liveBeansView.mbeanDomain -Dspring.application.admin.enabled=true -javaagent:D:\IntelliJ IDEA 2021.3.3\lib\idea_rt.jar=53288:D:\IntelliJ IDEA 2021.3.3\bin -Dfile.encoding=UTF-8 
java_command: com.example.blogsystem.BlogsystemApplication
java_class_path (initial): D:\学习文件\毕业实习\blog\blogsystem\target\classes;C:\Users\Catious\.m2\repository\org\springframework\boot\spring-boot-starter-web\2.7.13\spring-boot-starter-web-2.7.13.jar;C:\Users\Catious\.m2\repository\org\springframework\boot\spring-boot-starter\2.7.13\spring-boot-starter-2.7.13.jar;C:\Users\Catious\.m2\repository\org\springframework\boot\spring-boot\2.7.13\spring-boot-2.7.13.jar;C:\Users\Catious\.m2\repository\org\springframework\boot\spring-boot-starter-logging\2.7.13\spring-boot-starter-logging-2.7.13.jar;C:\Users\Catious\.m2\repository\ch\qos\logback\logback-classic\1.2.12\logback-classic-1.2.12.jar;C:\Users\Catious\.m2\repository\ch\qos\logback\logback-core\1.2.12\logback-core-1.2.12.jar;C:\Users\Catious\.m2\repository\org\apache\logging\log4j\log4j-to-slf4j\2.17.2\log4j-to-slf4j-2.17.2.jar;C:\Users\Catious\.m2\repository\org\apache\logging\log4j\log4j-api\2.17.2\log4j-api-2.17.2.jar;C:\Users\Catious\.m2\repository\org\slf4j\jul-to-slf4j\1.7.36\jul-to-slf4j-1.7.36.jar;C:\Users\Catious\.m2\repository\jakarta\annotation\jakarta.annotation-api\1.3.5\jakarta.annotation-api-1.3.5.jar;C:\Users\Catious\.m2\repository\org\yaml\snakeyaml\1.30\snakeyaml-1.30.jar;C:\Users\Catious\.m2\repository\org\springframework\boot\spring-boot-starter-json\2.7.13\spring-boot-starter-json-2.7.13.jar;C:\Users\Catious\.m2\repository\com\fasterxml\jackson\core\jackson-databind\2.13.5\jackson-databind-2.13.5.jar;C:\Users\Catious\.m2\repository\com\fasterxml\jackson\core\jackson-annotations\2.13.5\jackson-annotations-2.13.5.jar;C:\Users\Catious\.m2\repository\com\fasterxml\jackson\core\jackson-core\2.13.5\jackson-core-2.13.5.jar;C:\Users\Catious\.m2\repository\com\fasterxml\jackson\datatype\jackson-datatype-jdk8\2.13.5\jackson-datatype-jdk8-2.13.5.jar;C:\Users\Catious\.m2\repository\com\fasterxml\jackson\datatype\jackson-datatype-jsr310\2.13.5\jackson-datatype-jsr310-2.13.5.jar;C:\Users\Catious\.m2\repository\com\fasterxml\jackson\module\jackson-module-par
Launcher Type: SUN_STANDARD

[Global flags]
     intx CICompilerCount                          = 4                                         {product} {ergonomic}
     uint ConcGCThreads                            = 2                                         {product} {ergonomic}
     uint G1ConcRefinementThreads                  = 8                                         {product} {ergonomic}
   size_t G1HeapRegionSize                         = 2097152                                   {product} {ergonomic}
    uintx GCDrainStackTargetSize                   = 64                                        {product} {ergonomic}
   size_t InitialHeapSize                          = 266338304                                 {product} {ergonomic}
     bool ManagementServer                         = true                                      {product} {command line}
   size_t MarkStackSize                            = 4194304                                   {product} {ergonomic}
   size_t MaxHeapSize                              = 4253024256                                {product} {ergonomic}
   size_t MinHeapDeltaBytes                        = 2097152                                   {product} {ergonomic}
   size_t MinHeapSize                              = 8388608                                   {product} {ergonomic}
    uintx NonProfiledCodeHeapSize                  = 0                                      {pd product} {ergonomic}
     bool ProfileInterpreter                       = false                                  {pd product} {command line}
    uintx ProfiledCodeHeapSize                     = 0                                      {pd product} {ergonomic}
   size_t SoftMaxHeapSize                          = 4253024256                             {manageable} {ergonomic}
     intx TieredStopAtLevel                        = 1                                         {product} {command line}
     bool UseCompressedClassPointers               = true                           {product lp64_product} {ergonomic}
     bool UseCompressedOops                        = true                           {product lp64_product} {ergonomic}
     bool UseG1GC                                  = true                                      {product} {ergonomic}
     bool UseLargePagesIndividualAllocation        = false                                  {pd product} {ergonomic}

Logging:
Log output configuration:
 #0: stdout all=warning uptime,level,tags
 #1: stderr all=off uptime,level,tags

Environment Variables:
JAVA_HOME=C:\Program Files\Java\jdk-17
CLASSPATH=D:\Web\Tomrat8.5\Tomrat8.5\apache-tomcat-8.5.73\bin
PATH=C:\Program Files (x86)\Common Files\Oracle\Java\javapath;D:\src\Oracle\bin;C:\Users\Catious\AppData\Local\Programs\Python\Python39\Scripts\;C:\Users\Catious\AppData\Local\Programs\Python\Python39\;C:\Program Files\MySQL\MySQL Server 8.0\bin;D:\python\;D:\python\Scripts;C:\Windows\System32\Wbem;C:\Windows\System32\WindowsPowerShell\v1.0\;C:\Windows\System32\OpenSSH\;C:\Program Files (x86)\NVIDIA Corporation\PhysX\Common;C:\Program Files\NVIDIA Corporation\NVIDIA NvDLISR;C:\WINDOWS\system32;C:\WINDOWS;C:\WINDOWS\System32\Wbem;C:\WINDOWS\System32\WindowsPowerShell\v1.0\;C:\WINDOWS\System32\OpenSSH\;C:\Program Files\Microsoft SQL Server\130\Tools\Binn\;C:\Program Files (x86)\Microsoft SQL Server\100\Tools\Binn\;C:\Program Files\Microsoft SQL Server\100\Tools\Binn\;C:\Program Files\Microsoft SQL Server\100\DTS\Binn\;D:\mingw64\bin;D:\Git\cmd;C:\ProgramData\chocolatey\bin;C:\Program Files\TortoiseSVN\bin;D:\Program Files\maven\apache-maven-3.8.6\bin\;D:\Program Files\nodejs\;D:\Program Files\nodejs\node_global;D:\ShellExt\;D:\src\;D:\src\hadoop\hadoop-3.1.3\bin;C:\Program Files\Java\jdk-17\bin;C:\Program Files\Redis\;C:\Users\Catious\AppData\Local\Programs\Python\Python311\Scripts\;C:\Users\Catious\AppData\Local\Programs\Python\Python311\;C:\Program Files\MySQL\MySQL Shell 8.0\bin\;C:\Users\Catious\AppData\Local\Microsoft\WindowsApps;D:\python\PyCharm 2021.2.2\bin;;D:\src\PyCharm Community Edition 2022.2.4\bin;;D:\Microsoft VS Code\bin;C:\Users\Catious\AppData\Roaming\npm;D:\QQGameTempest\Hall.57563\
USERNAME=Catious
OS=Windows_NT
PROCESSOR_IDENTIFIER=Intel64 Family 6 Model 142 Stepping 12, GenuineIntel



---------------  S Y S T E M  ---------------

OS:
 Windows 10 , 64 bit Build 19041 (10.0.19041.3031)
OS uptime: 1 days 17:25 hours

CPU: total 8 (initial active 8) (4 cores per cpu, 2 threads per core) family 6 model 142 stepping 12 microcode 0xde, cx8, cmov, fxsr, ht, mmx, 3dnowpref, sse, sse2, sse3, ssse3, sse4.1, sse4.2, popcnt, lzcnt, tsc, tscinvbit, avx, avx2, aes, erms, clmul, bmi1, bmi2, adx, fma, vzeroupper, clflush, clflushopt

Memory: 4k page, system-wide physical 16216M (3403M free)
TotalPageFile size 19139M (AvailPageFile size 167M)
current process WorkingSet (physical memory assigned to process): 11M, peak: 11M
current process commit charge ("private bytes"): 55M, peak: 309M

vm_info: Java HotSpot(TM) 64-Bit Server VM (17+35-LTS-2724) for windows-amd64 JRE (17+35-LTS-2724), built on Aug  5 2021 23:28:28 by "mach5one" with MS VC++ 16.8 (VS2019)

END.
